$ env CUDA_VISIBLE_DEVICES=0 HF_HOME=/mnt/local_storage/huggingface HF_HUB_CACHE=/mnt/local_storage/huggingface/hub XDG_CACHE_HOME=/mnt/local_storage/.cache PYTORCH_CUDA_ALLOC_CONF=max_split_size_mb:128\,expandable_segments:True uv run scripts/train_pytorch.py pi05_libero --exp-name scripted_pytorch_smoke_fixed_20260307T011319Z --pytorch-weight-path /mnt/local_storage/experiments/openpi_pytorch/pi05_base_for_libero_bfloat16 --batch-size 4 --num-train-steps 1 --save-interval 1 --log-interval 1 --checkpoint-base-dir /mnt/local_storage/experiments/openpi_pytorch_checkpoints --no-wandb-enabled --overwrite
warning: The `tool.uv.dev-dependencies` field (used in `packages/openpi-client/pyproject.toml`) is deprecated and will be removed in a future release; use `dependency-groups.dev` instead
17:13:30.157 [I] Created experiment checkpoint directory: /mnt/local_storage/experiments/openpi_pytorch_checkpoints/pi05_libero/scripted_pytorch_smoke_fixed_20260307T011319Z (3973460:train_pytorch.py:340)
17:13:30.171 [I] Using batch size per GPU: 4 (total batch size across 1 GPUs: 4)                  (3973460:train_pytorch.py:354)
17:13:30.245 [I] Loaded norm stats from /home/ray/default/vla/test_openpi/openpi/assets/pi05_libero/physical-intelligence/libero (3973460:config.py:196)
17:13:30.246 [I] data_config: DataConfig(repo_id='physical-intelligence/libero', asset_id='physical-intelligence/libero', norm_stats={'state': NormStats(mean=array([-0.04492831,  0.03360355,  0.75745153,  2.97318912, -0.20376144,
       -0.12366653,  0.02715557, -0.02741778]), std=array([0.10426783, 0.15130948, 0.38158861, 0.34558034, 0.90297723,
       0.32642943, 0.0140612 , 0.0139208 ]), q01=array([-3.95318311e-01, -2.67847098e-01,  2.61877041e-02,  1.52094365e+00,
       -2.69408816e+00, -1.06879084e+00,  1.70741546e-03, -4.00321179e-02]), q99=array([ 1.39933273e-01,  3.29854794e-01,  1.26990345e+00,  3.27965328e+00,
        2.42308025e+00,  6.08078202e-01,  4.03201519e-02, -1.75895424e-03])), 'actions': NormStats(mean=array([ 0.05749531,  0.08408882, -0.08509924,  0.00123146,  0.00639978,
       -0.00656478, -0.0590332 ]), std=array([0.32838118, 0.3787801 , 0.44534925, 0.03938985, 0.06377058,
       0.07561158, 0.99825603]), q01=array([-0.694125  , -0.811875  , -0.9375    , -0.10507414, -0.15987771,
       -0.22285821, -1.        ]), q99=array([0.937125  , 0.86775   , 0.937125  , 0.13497064, 0.19700315,
       0.32245072, 1.        ]))}, repack_transforms=Group(inputs=[RepackTransform(structure={'observation/image': 'image', 'observation/wrist_image': 'wrist_image', 'observation/state': 'state', 'actions': 'actions', 'prompt': 'prompt'})], outputs=()), data_transforms=Group(inputs=[LiberoInputs(model_type=<ModelType.PI05: 'pi05'>)], outputs=[LiberoOutputs()]), model_transforms=Group(inputs=[InjectDefaultPrompt(prompt=None), ResizeImages(height=224, width=224), TokenizePrompt(tokenizer=<openpi.models.tokenizer.PaligemmaTokenizer object at 0x7e9085516e10>, discrete_state_input=False), PadStatesAndActions(model_action_dim=32)], outputs=()), use_quantile_norm=True, action_sequence_keys=('actions',), prompt_from_task=True, rlds_data_dir=None, action_space=None, datasets=()) (3973460:data_loader.py:243)
17:13:30.247 [W] 
The dataset you requested (physical-intelligence/libero) is in 2.0 format.
While current version of LeRobot is backward-compatible with it, the version of your dataset still uses global
stats instead of per-episode stats. Update your dataset stats to the new format using this command:
```
python lerobot/common/datasets/v21/convert_dataset_v20_to_v21.py --repo-id=physical-intelligence/libero
```

If you encounter a problem, contact LeRobot maintainers on [Discord](https://discord.com/invite/s3KuuzsPFb)
or open an [issue on GitHub](https://github.com/huggingface/lerobot/issues/new/choose).
 (3973460:utils.py:303)
17:13:30.252 [W] 
The dataset you requested (physical-intelligence/libero) is in 2.0 format.
While current version of LeRobot is backward-compatible with it, the version of your dataset still uses global
stats instead of per-episode stats. Update your dataset stats to the new format using this command:
```
python lerobot/common/datasets/v21/convert_dataset_v20_to_v21.py --repo-id=physical-intelligence/libero
```

If you encounter a problem, contact LeRobot maintainers on [Discord](https://discord.com/invite/s3KuuzsPFb)
or open an [issue on GitHub](https://github.com/huggingface/lerobot/issues/new/choose).
 (3973460:utils.py:303)
17:13:34.679 [I] local_batch_size: 4                                                              (3973460:data_loader.py:324)
INFO:2026-03-06 17:13:34,994:jax._src.xla_bridge:925: Unable to initialize backend 'rocm': module 'jaxlib.xla_extension' has no attribute 'GpuAllocatorConfig'
17:13:34.994 [I] Unable to initialize backend 'rocm': module 'jaxlib.xla_extension' has no attribute 'GpuAllocatorConfig' (3973460:xla_bridge.py:925)
INFO:2026-03-06 17:13:34,994:jax._src.xla_bridge:925: Unable to initialize backend 'tpu': INTERNAL: Failed to open libtpu.so: libtpu.so: cannot open shared object file: No such file or directory
17:13:34.994 [I] Unable to initialize backend 'tpu': INTERNAL: Failed to open libtpu.so: libtpu.so: cannot open shared object file: No such file or directory (3973460:xla_bridge.py:925)
17:14:22.389 [I] Enabled gradient checkpointing for PI0Pytorch model                              (3973460:pi0_pytorch.py:133)
17:14:22.389 [I] Enabled gradient checkpointing for memory optimization                           (3973460:train_pytorch.py:414)
17:14:22.389 [I] Step 0 (after_model_creation): GPU memory - allocated: 7.47GB, reserved: 7.48GB, free: 0.01GB, peak_allocated: 7.47GB, peak_reserved: 7.48GB (3973460:train_pytorch.py:304)
17:14:22.389 [I] Loading weights from: /mnt/local_storage/experiments/openpi_pytorch/pi05_base_for_libero_bfloat16 (3973460:train_pytorch.py:443)
17:14:23.526 [I] Loaded PyTorch weights from /mnt/local_storage/experiments/openpi_pytorch/pi05_base_for_libero_bfloat16 (3973460:train_pytorch.py:449)
17:14:23.530 [I] Running on: ip-10-0-128-51 | world_size=1                                        (3973460:train_pytorch.py:486)
17:14:23.530 [I] Training config: batch_size=4, effective_batch_size=4, num_train_steps=1         (3973460:train_pytorch.py:489)
17:14:23.530 [I] Memory optimizations: gradient_checkpointing=True                                (3973460:train_pytorch.py:492)
17:14:23.531 [I] LR schedule: warmup=10000, peak_lr=5.00e-05, decay_steps=1000000, end_lr=5.00e-05 (3973460:train_pytorch.py:493)
17:14:23.531 [I] Optimizer: AdamW, weight_decay=1e-10, clip_norm=1.0                              (3973460:train_pytorch.py:496)
17:14:23.531 [I] EMA is not supported for PyTorch training                                        (3973460:train_pytorch.py:499)
17:14:23.531 [I] Training precision: bfloat16                                                     (3973460:train_pytorch.py:500)
Training:   0%|          | 0/1 [00:00<?, ?it/s]17:14:38.599 [I] Step 0 (after_backward): GPU memory - allocated: 14.28GB, reserved: 40.51GB, free: 26.23GB, peak_allocated: 15.39GB, peak_reserved: 40.51GB (3973460:train_pytorch.py:304)
17:14:38.876 [I] step=0 loss=0.0780 lr=5.00e-09 grad_norm=0.90 time=15.3s                         (3973460:train_pytorch.py:582)
17:15:12.934 [I] Saved checkpoint at step 1 -> /mnt/local_storage/experiments/openpi_pytorch_checkpoints/pi05_libero/scripted_pytorch_smoke_fixed_20260307T011319Z/1 (3973460:train_pytorch.py:190)
Training: 100%|██████████| 1/1 [00:49<00:00, 49.40s/it]Training: 100%|██████████| 1/1 [00:49<00:00, 49.40s/it, loss=0.0780, lr=5.00e-09, step=1]Training: 100%|██████████| 1/1 [00:49<00:00, 49.41s/it, loss=0.0780, lr=5.00e-09, step=1]
